#
# A fatal error has been detected by the Java Runtime Environment:
#
#  EXCEPTION_ACCESS_VIOLATION (0xc0000005) at pc=0x00007ff97a366490, pid=8940, tid=11980
#
# JRE version: OpenJDK Runtime Environment (13.0.1+9) (build 13.0.1+9)
# Java VM: OpenJDK 64-Bit Server VM (13.0.1+9, mixed mode, sharing, tiered, compressed oops, g1 gc, windows-amd64)
# Problematic frame:
# C  [glfw.dll+0x6490]
#
# No core dump will be written. Minidumps are not enabled by default on client versions of Windows
#
# If you would like to submit a bug report, please visit:
#   http://bugreport.java.com/bugreport/crash.jsp
# The crash happened outside the Java Virtual Machine in native code.
# See problematic frame for where to report the bug.
#

---------------  S U M M A R Y ------------

Command Line: -agentlib:jdwp=transport=dt_socket,address=127.0.0.1:52209,suspend=y,server=n -javaagent:C:\Users\sebas\.IntelliJIdea2019.2\system\captureAgent\debugger-agent.jar -Dfile.encoding=UTF-8 com.bufkin.lwjgl.game.main.Main

Host: AMD Ryzen 5 2400G with Radeon Vega Graphics    , 8 cores, 15G,  Windows 10 , 64 bit Build 18362 (10.0.18362.10022)
Time: Fri Oct 25 22:50:06 2019 Mitteleuropäische Sommerzeit elapsed time: 2 seconds (0d 0h 0m 2s)

---------------  T H R E A D  ---------------

Current thread (0x0000013af2423000):  JavaThread "main" [_thread_in_native, id=11980, stack(0x00000010b7600000,0x00000010b7700000)]

Stack: [0x00000010b7600000,0x00000010b7700000],  sp=0x00000010b76fefc0,  free space=1019k
Native frames: (J=compiled Java code, j=interpreted, Vv=VM code, C=native code)
C  [glfw.dll+0x6490]

Java frames: (J=compiled Java code, j=interpreted, Vv=VM code)
J 779  org.lwjgl.system.JNI.invokePV(JJ)V (0 bytes) @ 0x0000013a87b11f14 [0x0000013a87b11ec0+0x0000000000000054]
j  org.lwjgl.glfw.GLFW.glfwDestroyWindow(J)V+6
j  com.bufkin.lwjgl.game.main.Main.<init>()V+67
j  com.bufkin.lwjgl.game.main.Main.main([Ljava/lang/String;)V+4
v  ~StubRoutines::call_stub

siginfo: EXCEPTION_ACCESS_VIOLATION (0xc0000005), reading address 0x0000000000000000


Register to memory mapping:

RIP=0x00007ff97a366490 glfw.dll
RAX=0x0 is NULL
RBX=0x0000013a97134b20 points into unknown readable memory: f0 f3 9a 98 3a 01 00 00
RCX=0x0 is NULL
RDX=0x00007ff97a3b7ee0 glfw.dll
RSP=0x00000010b76fefc0 is pointing into the stack for thread: 0x0000013af2423000
RBP=0x00000010b76ff050 is pointing into the stack for thread: 0x0000013af2423000
RSI=0x0000013a97134b20 points into unknown readable memory: f0 f3 9a 98 3a 01 00 00
RDI=0x0000000000000100 is an unknown value
R8 =0x0000013a97134b20 points into unknown readable memory: f0 f3 9a 98 3a 01 00 00
R9 =0x00007ff97a3663e0 glfw.dll
R10=0x00007ff97c761b10 lwjgl.dll
R11=0x0000013a87b11ee8 is at entry_point+40 in (nmethod*)0x0000013a87b11d10
R12=0x0 is NULL
R13=0x00000010b76ff068 is pointing into the stack for thread: 0x0000013af2423000
R14=0x00000010b76ff040 is pointing into the stack for thread: 0x0000013af2423000
R15=0x0000013af2423000 is a thread


Registers:
RAX=0x0000000000000000, RBX=0x0000013a97134b20, RCX=0x0000000000000000, RDX=0x00007ff97a3b7ee0
RSP=0x00000010b76fefc0, RBP=0x00000010b76ff050, RSI=0x0000013a97134b20, RDI=0x0000000000000100
R8 =0x0000013a97134b20, R9 =0x00007ff97a3663e0, R10=0x00007ff97c761b10, R11=0x0000013a87b11ee8
R12=0x0000000000000000, R13=0x00000010b76ff068, R14=0x00000010b76ff040, R15=0x0000013af2423000
RIP=0x00007ff97a366490, EFLAGS=0x0000000000010283

Top of Stack: (sp=0x00000010b76fefc0)
0x00000010b76fefc0:   0000013a97134b20 0000013a87b12839
0x00000010b76fefd0:   0000013a00000001 0000013a97134b20
0x00000010b76fefe0:   0000013aff4b0398 0000013a87b11fb4
0x00000010b76feff0:   00007ff97a363870 00007ff952f30000
0x00000010b76ff000:   00000395003b26b3 00007ff952f5dd6a
0x00000010b76ff010:   0000013aff418798 0000013af2423000
0x00000010b76ff020:   00003981b3ddd504 0000000710749570
0x00000010b76ff030:   0000013aff558b30 0000013a87b130ad
0x00000010b76ff040:   0000000710749570 0000013a806fad64
0x00000010b76ff050:   00000010b76ff0d0 0000013a8000cdb8
0x00000010b76ff060:   0000013a8000cdb8 00007ff97a3663e0
0x00000010b76ff070:   0000000000000000 0000013a97134b20
0x00000010b76ff080:   0000000000000000 00000010b76ff088
0x00000010b76ff090:   0000013aff418766 00000010b76ff0f8
0x00000010b76ff0a0:   0000013aff42c270 0000000000000000
0x00000010b76ff0b0:   0000000710b66098 0000013aff418798 

Instructions: (pc=0x00007ff97a366490)
0x00007ff97a366390:   18 00 00 00 66 0f 6f 05 c4 02 04 00 f3 0f 7f 05
0x00007ff97a3663a0:   64 17 05 00 c7 05 6e 17 05 00 08 00 00 00 c7 05
0x00007ff97a3663b0:   88 17 05 00 01 00 00 00 c7 05 06 1b 05 00 ff ff
0x00007ff97a3663c0:   ff ff c7 05 bc 17 05 00 01 00 00 00 48 83 c4 28
0x00007ff97a3663d0:   c3 cc cc cc cc cc cc cc cc cc cc cc cc cc cc cc
0x00007ff97a3663e0:   40 53 48 83 ec 20 83 3d 03 17 05 00 00 48 8b d9
0x00007ff97a3663f0:   75 11 33 d2 b9 01 00 01 00 48 83 c4 20 5b e9 5d
0x00007ff97a366400:   b8 ff ff 48 85 db 0f 84 a5 00 00 00 0f 57 c0 33
0x00007ff97a366410:   c0 0f 11 81 c0 02 00 00 0f 11 81 d0 02 00 00 0f
0x00007ff97a366420:   11 81 e0 02 00 00 0f 11 81 f0 02 00 00 0f 11 81
0x00007ff97a366430:   00 03 00 00 0f 11 81 10 03 00 00 0f 11 81 20 03
0x00007ff97a366440:   00 00 0f 11 81 30 03 00 00 48 89 81 40 03 00 00
0x00007ff97a366450:   48 8d 0d 35 25 05 00 e8 54 47 00 00 48 3b d8 75
0x00007ff97a366460:   07 33 c9 e8 48 b6 ff ff 48 8b cb e8 80 4a 00 00
0x00007ff97a366470:   48 8b 0d 69 1a 05 00 48 8d 15 62 1a 05 00 48 3b
0x00007ff97a366480:   cb 74 1b 0f 1f 40 00 66 0f 1f 84 00 00 00 00 00
0x00007ff97a366490:   48 8b 01 48 8b d1 48 8b c8 48 3b c3 75 f2 48 8b
0x00007ff97a3664a0:   03 48 8b cb 48 89 02 48 83 c4 20 5b e9 97 27 01
0x00007ff97a3664b0:   00 48 83 c4 20 5b c3 cc cc cc cc cc cc cc cc cc
0x00007ff97a3664c0:   83 3d 29 16 05 00 00 75 0c 33 d2 b9 01 00 01 00
0x00007ff97a3664d0:   e9 8b b7 ff ff e9 d6 4a 00 00 cc cc cc cc cc cc
0x00007ff97a3664e0:   33 c0 48 85 d2 74 02 89 02 4d 85 c0 74 03 41 89
0x00007ff97a3664f0:   00 39 05 f9 15 05 00 75 0c 33 d2 b9 01 00 01 00
0x00007ff97a366500:   e9 5b b7 ff ff e9 96 4c 00 00 cc cc cc cc cc cc
0x00007ff97a366510:   48 83 ec 28 83 3d d5 15 05 00 00 75 13 33 d2 b9
0x00007ff97a366520:   01 00 01 00 e8 37 b7 ff ff 33 c0 48 83 c4 28 c3
0x00007ff97a366530:   81 fa 01 20 02 00 0f 8f 94 00 00 00 0f 84 83 00
0x00007ff97a366540:   00 00 8d 82 ff ff fd ff 83 f8 0b 0f 87 12 01 00
0x00007ff97a366550:   00 48 98 4c 8d 05 a6 9a ff ff 41 8b 84 80 80 66
0x00007ff97a366560:   00 00 49 03 c0 ff e0 48 83 c4 28 e9 50 60 00 00
0x00007ff97a366570:   48 83 c4 28 e9 87 60 00 00 48 83 c4 28 e9 9e 60
0x00007ff97a366580:   00 00 48 83 c4 28 e9 85 60 00 00 48 83 c4 28 e9 


Stack slot to memory mapping:
stack at sp + 0 slots: 0x0000013a97134b20 points into unknown readable memory: f0 f3 9a 98 3a 01 00 00
stack at sp + 1 slots: 0x0000013a87b12839 is at entry_point+249 in (nmethod*)0x0000013a87b12590
stack at sp + 2 slots: 0x0000013a00000001 is an unknown value
stack at sp + 3 slots: 0x0000013a97134b20 points into unknown readable memory: f0 f3 9a 98 3a 01 00 00
stack at sp + 4 slots: {method} {0x0000013aff4b03a0} 'invokePV' '(JJ)V' in 'org/lwjgl/system/JNI'
stack at sp + 5 slots: 0x0000013a87b11fb4 is at entry_point+244 in (nmethod*)0x0000013a87b11d10
stack at sp + 6 slots: 0x00007ff97a363870 glfw.dll
stack at sp + 7 slots: 0x00007ff952f30000 opengl32.dll


---------------  P R O C E S S  ---------------

Threads class SMR info:
_java_thread_list=0x0000013affa1c4e0, length=13, elements={
0x0000013af2423000, 0x0000013afefde800, 0x0000013afefe2000, 0x0000013aff87a800,
0x0000013aff87c000, 0x0000013aff87f000, 0x0000013aff880800, 0x0000013aff886000,
0x0000013aff870800, 0x0000013affa3d800, 0x0000013affa6d800, 0x0000013affa70000,
0x0000013a96f8f000
}

Java Threads: ( => current thread )
=>0x0000013af2423000 JavaThread "main" [_thread_in_native, id=11980, stack(0x00000010b7600000,0x00000010b7700000)]
  0x0000013afefde800 JavaThread "Reference Handler" daemon [_thread_blocked, id=3648, stack(0x00000010b7d00000,0x00000010b7e00000)]
  0x0000013afefe2000 JavaThread "Finalizer" daemon [_thread_blocked, id=852, stack(0x00000010b7e00000,0x00000010b7f00000)]
  0x0000013aff87a800 JavaThread "Signal Dispatcher" daemon [_thread_blocked, id=7656, stack(0x00000010b7f00000,0x00000010b8000000)]
  0x0000013aff87c000 JavaThread "Attach Listener" daemon [_thread_blocked, id=7556, stack(0x00000010b8000000,0x00000010b8100000)]
  0x0000013aff87f000 JavaThread "C2 CompilerThread0" daemon [_thread_blocked, id=7336, stack(0x00000010b8100000,0x00000010b8200000)]
  0x0000013aff880800 JavaThread "C1 CompilerThread0" daemon [_thread_blocked, id=11772, stack(0x00000010b8200000,0x00000010b8300000)]
  0x0000013aff886000 JavaThread "Sweeper thread" daemon [_thread_blocked, id=7852, stack(0x00000010b8300000,0x00000010b8400000)]
  0x0000013aff870800 JavaThread "Common-Cleaner" daemon [_thread_blocked, id=5256, stack(0x00000010b8400000,0x00000010b8500000)]
  0x0000013affa3d800 JavaThread "JDWP Transport Listener: dt_socket" daemon [_thread_blocked, id=8924, stack(0x00000010b8600000,0x00000010b8700000)]
  0x0000013affa6d800 JavaThread "JDWP Event Helper Thread" daemon [_thread_blocked, id=848, stack(0x00000010b8700000,0x00000010b8800000)]
  0x0000013affa70000 JavaThread "JDWP Command Reader" daemon [_thread_in_native, id=4076, stack(0x00000010b8800000,0x00000010b8900000)]
  0x0000013a96f8f000 JavaThread "Service Thread" daemon [_thread_blocked, id=4356, stack(0x00000010b8900000,0x00000010b8a00000)]

Other Threads:
  0x0000013afefd7800 VMThread "VM Thread" [stack: 0x00000010b7c00000,0x00000010b7d00000] [id=11368]
  0x0000013a96f8f800 WatcherThread [stack: 0x00000010b8a00000,0x00000010b8b00000] [id=5992]
  0x0000013af248c000 GCTaskThread "GC Thread#0" [stack: 0x00000010b7700000,0x00000010b7800000] [id=1208]
  0x0000013af24b0000 ConcurrentGCThread "G1 Main Marker" [stack: 0x00000010b7800000,0x00000010b7900000] [id=6148]
  0x0000013af24b2000 ConcurrentGCThread "G1 Conc#0" [stack: 0x00000010b7900000,0x00000010b7a00000] [id=828]
  0x0000013afeed3000 ConcurrentGCThread "G1 Refine#0" [stack: 0x00000010b7a00000,0x00000010b7b00000] [id=3724]
  0x0000013afeed4000 ConcurrentGCThread "G1 Young RemSet Sampling" [stack: 0x00000010b7b00000,0x00000010b7c00000] [id=7636]

Threads with active compile tasks:

VM state:not at safepoint (normal execution)

VM Mutex/Monitor currently owned by a thread: None

Heap address: 0x0000000701000000, size: 4080 MB, Compressed Oops mode: Zero based, Oop shift amount: 3
Narrow klass base: 0x0000000800000000, Narrow klass shift: 3
Compressed class space size: 1073741824 Address: 0x0000000800b40000

Heap:
 garbage-first heap   total 262144K, used 19456K [0x0000000701000000, 0x0000000800000000)
  region size 1024K, 21 young (21504K), 0 survivors (0K)
 Metaspace       used 5412K, capacity 8411K, committed 8576K, reserved 1056768K
  class space    used 276K, capacity 576K, committed 640K, reserved 1048576K
Heap Regions: E=young(eden), S=young(survivor), O=old, HS=humongous(starts), HC=humongous(continues), CS=collection set, F=free, A=archive, TAMS=top-at-mark-start (previous, next)
|   0|0x0000000701000000, 0x0000000701000000, 0x0000000701100000|  0%| F|  |TAMS 0x0000000701000000, 0x0000000701000000| Untracked 
|   1|0x0000000701100000, 0x0000000701100000, 0x0000000701200000|  0%| F|  |TAMS 0x0000000701100000, 0x0000000701100000| Untracked 
|   2|0x0000000701200000, 0x0000000701200000, 0x0000000701300000|  0%| F|  |TAMS 0x0000000701200000, 0x0000000701200000| Untracked 
|   3|0x0000000701300000, 0x0000000701300000, 0x0000000701400000|  0%| F|  |TAMS 0x0000000701300000, 0x0000000701300000| Untracked 
|   4|0x0000000701400000, 0x0000000701400000, 0x0000000701500000|  0%| F|  |TAMS 0x0000000701400000, 0x0000000701400000| Untracked 
|   5|0x0000000701500000, 0x0000000701500000, 0x0000000701600000|  0%| F|  |TAMS 0x0000000701500000, 0x0000000701500000| Untracked 
|   6|0x0000000701600000, 0x0000000701600000, 0x0000000701700000|  0%| F|  |TAMS 0x0000000701600000, 0x0000000701600000| Untracked 
|   7|0x0000000701700000, 0x0000000701700000, 0x0000000701800000|  0%| F|  |TAMS 0x0000000701700000, 0x0000000701700000| Untracked 
|   8|0x0000000701800000, 0x0000000701800000, 0x0000000701900000|  0%| F|  |TAMS 0x0000000701800000, 0x0000000701800000| Untracked 
|   9|0x0000000701900000, 0x0000000701900000, 0x0000000701a00000|  0%| F|  |TAMS 0x0000000701900000, 0x0000000701900000| Untracked 
|  10|0x0000000701a00000, 0x0000000701a00000, 0x0000000701b00000|  0%| F|  |TAMS 0x0000000701a00000, 0x0000000701a00000| Untracked 
|  11|0x0000000701b00000, 0x0000000701b00000, 0x0000000701c00000|  0%| F|  |TAMS 0x0000000701b00000, 0x0000000701b00000| Untracked 
|  12|0x0000000701c00000, 0x0000000701c00000, 0x0000000701d00000|  0%| F|  |TAMS 0x0000000701c00000, 0x0000000701c00000| Untracked 
|  13|0x0000000701d00000, 0x0000000701d00000, 0x0000000701e00000|  0%| F|  |TAMS 0x0000000701d00000, 0x0000000701d00000| Untracked 
|  14|0x0000000701e00000, 0x0000000701e00000, 0x0000000701f00000|  0%| F|  |TAMS 0x0000000701e00000, 0x0000000701e00000| Untracked 
|  15|0x0000000701f00000, 0x0000000701f00000, 0x0000000702000000|  0%| F|  |TAMS 0x0000000701f00000, 0x0000000701f00000| Untracked 
|  16|0x0000000702000000, 0x0000000702000000, 0x0000000702100000|  0%| F|  |TAMS 0x0000000702000000, 0x0000000702000000| Untracked 
|  17|0x0000000702100000, 0x0000000702100000, 0x0000000702200000|  0%| F|  |TAMS 0x0000000702100000, 0x0000000702100000| Untracked 
|  18|0x0000000702200000, 0x0000000702200000, 0x0000000702300000|  0%| F|  |TAMS 0x0000000702200000, 0x0000000702200000| Untracked 
|  19|0x0000000702300000, 0x0000000702300000, 0x0000000702400000|  0%| F|  |TAMS 0x0000000702300000, 0x0000000702300000| Untracked 
|  20|0x0000000702400000, 0x0000000702400000, 0x0000000702500000|  0%| F|  |TAMS 0x0000000702400000, 0x0000000702400000| Untracked 
|  21|0x0000000702500000, 0x0000000702500000, 0x0000000702600000|  0%| F|  |TAMS 0x0000000702500000, 0x0000000702500000| Untracked 
|  22|0x0000000702600000, 0x0000000702600000, 0x0000000702700000|  0%| F|  |TAMS 0x0000000702600000, 0x0000000702600000| Untracked 
|  23|0x0000000702700000, 0x0000000702700000, 0x0000000702800000|  0%| F|  |TAMS 0x0000000702700000, 0x0000000702700000| Untracked 
|  24|0x0000000702800000, 0x0000000702800000, 0x0000000702900000|  0%| F|  |TAMS 0x0000000702800000, 0x0000000702800000| Untracked 
|  25|0x0000000702900000, 0x0000000702900000, 0x0000000702a00000|  0%| F|  |TAMS 0x0000000702900000, 0x0000000702900000| Untracked 
|  26|0x0000000702a00000, 0x0000000702a00000, 0x0000000702b00000|  0%| F|  |TAMS 0x0000000702a00000, 0x0000000702a00000| Untracked 
|  27|0x0000000702b00000, 0x0000000702b00000, 0x0000000702c00000|  0%| F|  |TAMS 0x0000000702b00000, 0x0000000702b00000| Untracked 
|  28|0x0000000702c00000, 0x0000000702c00000, 0x0000000702d00000|  0%| F|  |TAMS 0x0000000702c00000, 0x0000000702c00000| Untracked 
|  29|0x0000000702d00000, 0x0000000702d00000, 0x0000000702e00000|  0%| F|  |TAMS 0x0000000702d00000, 0x0000000702d00000| Untracked 
|  30|0x0000000702e00000, 0x0000000702e00000, 0x0000000702f00000|  0%| F|  |TAMS 0x0000000702e00000, 0x0000000702e00000| Untracked 
|  31|0x0000000702f00000, 0x0000000702f00000, 0x0000000703000000|  0%| F|  |TAMS 0x0000000702f00000, 0x0000000702f00000| Untracked 
|  32|0x0000000703000000, 0x0000000703000000, 0x0000000703100000|  0%| F|  |TAMS 0x0000000703000000, 0x0000000703000000| Untracked 
|  33|0x0000000703100000, 0x0000000703100000, 0x0000000703200000|  0%| F|  |TAMS 0x0000000703100000, 0x0000000703100000| Untracked 
|  34|0x0000000703200000, 0x0000000703200000, 0x0000000703300000|  0%| F|  |TAMS 0x0000000703200000, 0x0000000703200000| Untracked 
|  35|0x0000000703300000, 0x0000000703300000, 0x0000000703400000|  0%| F|  |TAMS 0x0000000703300000, 0x0000000703300000| Untracked 
|  36|0x0000000703400000, 0x0000000703400000, 0x0000000703500000|  0%| F|  |TAMS 0x0000000703400000, 0x0000000703400000| Untracked 
|  37|0x0000000703500000, 0x0000000703500000, 0x0000000703600000|  0%| F|  |TAMS 0x0000000703500000, 0x0000000703500000| Untracked 
|  38|0x0000000703600000, 0x0000000703600000, 0x0000000703700000|  0%| F|  |TAMS 0x0000000703600000, 0x0000000703600000| Untracked 
|  39|0x0000000703700000, 0x0000000703700000, 0x0000000703800000|  0%| F|  |TAMS 0x0000000703700000, 0x0000000703700000| Untracked 
|  40|0x0000000703800000, 0x0000000703800000, 0x0000000703900000|  0%| F|  |TAMS 0x0000000703800000, 0x0000000703800000| Untracked 
|  41|0x0000000703900000, 0x0000000703900000, 0x0000000703a00000|  0%| F|  |TAMS 0x0000000703900000, 0x0000000703900000| Untracked 
|  42|0x0000000703a00000, 0x0000000703a00000, 0x0000000703b00000|  0%| F|  |TAMS 0x0000000703a00000, 0x0000000703a00000| Untracked 
|  43|0x0000000703b00000, 0x0000000703b00000, 0x0000000703c00000|  0%| F|  |TAMS 0x0000000703b00000, 0x0000000703b00000| Untracked 
|  44|0x0000000703c00000, 0x0000000703c00000, 0x0000000703d00000|  0%| F|  |TAMS 0x0000000703c00000, 0x0000000703c00000| Untracked 
|  45|0x0000000703d00000, 0x0000000703d00000, 0x0000000703e00000|  0%| F|  |TAMS 0x0000000703d00000, 0x0000000703d00000| Untracked 
|  46|0x0000000703e00000, 0x0000000703e00000, 0x0000000703f00000|  0%| F|  |TAMS 0x0000000703e00000, 0x0000000703e00000| Untracked 
|  47|0x0000000703f00000, 0x0000000703f00000, 0x0000000704000000|  0%| F|  |TAMS 0x0000000703f00000, 0x0000000703f00000| Untracked 
|  48|0x0000000704000000, 0x0000000704000000, 0x0000000704100000|  0%| F|  |TAMS 0x0000000704000000, 0x0000000704000000| Untracked 
|  49|0x0000000704100000, 0x0000000704100000, 0x0000000704200000|  0%| F|  |TAMS 0x0000000704100000, 0x0000000704100000| Untracked 
|  50|0x0000000704200000, 0x0000000704200000, 0x0000000704300000|  0%| F|  |TAMS 0x0000000704200000, 0x0000000704200000| Untracked 
|  51|0x0000000704300000, 0x0000000704300000, 0x0000000704400000|  0%| F|  |TAMS 0x0000000704300000, 0x0000000704300000| Untracked 
|  52|0x0000000704400000, 0x0000000704400000, 0x0000000704500000|  0%| F|  |TAMS 0x0000000704400000, 0x0000000704400000| Untracked 
|  53|0x0000000704500000, 0x0000000704500000, 0x0000000704600000|  0%| F|  |TAMS 0x0000000704500000, 0x0000000704500000| Untracked 
|  54|0x0000000704600000, 0x0000000704600000, 0x0000000704700000|  0%| F|  |TAMS 0x0000000704600000, 0x0000000704600000| Untracked 
|  55|0x0000000704700000, 0x0000000704700000, 0x0000000704800000|  0%| F|  |TAMS 0x0000000704700000, 0x0000000704700000| Untracked 
|  56|0x0000000704800000, 0x0000000704800000, 0x0000000704900000|  0%| F|  |TAMS 0x0000000704800000, 0x0000000704800000| Untracked 
|  57|0x0000000704900000, 0x0000000704900000, 0x0000000704a00000|  0%| F|  |TAMS 0x0000000704900000, 0x0000000704900000| Untracked 
|  58|0x0000000704a00000, 0x0000000704a00000, 0x0000000704b00000|  0%| F|  |TAMS 0x0000000704a00000, 0x0000000704a00000| Untracked 
|  59|0x0000000704b00000, 0x0000000704b00000, 0x0000000704c00000|  0%| F|  |TAMS 0x0000000704b00000, 0x0000000704b00000| Untracked 
|  60|0x0000000704c00000, 0x0000000704c00000, 0x0000000704d00000|  0%| F|  |TAMS 0x0000000704c00000, 0x0000000704c00000| Untracked 
|  61|0x0000000704d00000, 0x0000000704d00000, 0x0000000704e00000|  0%| F|  |TAMS 0x0000000704d00000, 0x0000000704d00000| Untracked 
|  62|0x0000000704e00000, 0x0000000704e00000, 0x0000000704f00000|  0%| F|  |TAMS 0x0000000704e00000, 0x0000000704e00000| Untracked 
|  63|0x0000000704f00000, 0x0000000704f00000, 0x0000000705000000|  0%| F|  |TAMS 0x0000000704f00000, 0x0000000704f00000| Untracked 
|  64|0x0000000705000000, 0x0000000705000000, 0x0000000705100000|  0%| F|  |TAMS 0x0000000705000000, 0x0000000705000000| Untracked 
|  65|0x0000000705100000, 0x0000000705100000, 0x0000000705200000|  0%| F|  |TAMS 0x0000000705100000, 0x0000000705100000| Untracked 
|  66|0x0000000705200000, 0x0000000705200000, 0x0000000705300000|  0%| F|  |TAMS 0x0000000705200000, 0x0000000705200000| Untracked 
|  67|0x0000000705300000, 0x0000000705300000, 0x0000000705400000|  0%| F|  |TAMS 0x0000000705300000, 0x0000000705300000| Untracked 
|  68|0x0000000705400000, 0x0000000705400000, 0x0000000705500000|  0%| F|  |TAMS 0x0000000705400000, 0x0000000705400000| Untracked 
|  69|0x0000000705500000, 0x0000000705500000, 0x0000000705600000|  0%| F|  |TAMS 0x0000000705500000, 0x0000000705500000| Untracked 
|  70|0x0000000705600000, 0x0000000705600000, 0x0000000705700000|  0%| F|  |TAMS 0x0000000705600000, 0x0000000705600000| Untracked 
|  71|0x0000000705700000, 0x0000000705700000, 0x0000000705800000|  0%| F|  |TAMS 0x0000000705700000, 0x0000000705700000| Untracked 
|  72|0x0000000705800000, 0x0000000705800000, 0x0000000705900000|  0%| F|  |TAMS 0x0000000705800000, 0x0000000705800000| Untracked 
|  73|0x0000000705900000, 0x0000000705900000, 0x0000000705a00000|  0%| F|  |TAMS 0x0000000705900000, 0x0000000705900000| Untracked 
|  74|0x0000000705a00000, 0x0000000705a00000, 0x0000000705b00000|  0%| F|  |TAMS 0x0000000705a00000, 0x0000000705a00000| Untracked 
|  75|0x0000000705b00000, 0x0000000705b00000, 0x0000000705c00000|  0%| F|  |TAMS 0x0000000705b00000, 0x0000000705b00000| Untracked 
|  76|0x0000000705c00000, 0x0000000705c00000, 0x0000000705d00000|  0%| F|  |TAMS 0x0000000705c00000, 0x0000000705c00000| Untracked 
|  77|0x0000000705d00000, 0x0000000705d00000, 0x0000000705e00000|  0%| F|  |TAMS 0x0000000705d00000, 0x0000000705d00000| Untracked 
|  78|0x0000000705e00000, 0x0000000705e00000, 0x0000000705f00000|  0%| F|  |TAMS 0x0000000705e00000, 0x0000000705e00000| Untracked 
|  79|0x0000000705f00000, 0x0000000705f00000, 0x0000000706000000|  0%| F|  |TAMS 0x0000000705f00000, 0x0000000705f00000| Untracked 
|  80|0x0000000706000000, 0x0000000706000000, 0x0000000706100000|  0%| F|  |TAMS 0x0000000706000000, 0x0000000706000000| Untracked 
|  81|0x0000000706100000, 0x0000000706100000, 0x0000000706200000|  0%| F|  |TAMS 0x0000000706100000, 0x0000000706100000| Untracked 
|  82|0x0000000706200000, 0x0000000706200000, 0x0000000706300000|  0%| F|  |TAMS 0x0000000706200000, 0x0000000706200000| Untracked 
|  83|0x0000000706300000, 0x0000000706300000, 0x0000000706400000|  0%| F|  |TAMS 0x0000000706300000, 0x0000000706300000| Untracked 
|  84|0x0000000706400000, 0x0000000706400000, 0x0000000706500000|  0%| F|  |TAMS 0x0000000706400000, 0x0000000706400000| Untracked 
|  85|0x0000000706500000, 0x0000000706500000, 0x0000000706600000|  0%| F|  |TAMS 0x0000000706500000, 0x0000000706500000| Untracked 
|  86|0x0000000706600000, 0x0000000706600000, 0x0000000706700000|  0%| F|  |TAMS 0x0000000706600000, 0x0000000706600000| Untracked 
|  87|0x0000000706700000, 0x0000000706700000, 0x0000000706800000|  0%| F|  |TAMS 0x0000000706700000, 0x0000000706700000| Untracked 
|  88|0x0000000706800000, 0x0000000706800000, 0x0000000706900000|  0%| F|  |TAMS 0x0000000706800000, 0x0000000706800000| Untracked 
|  89|0x0000000706900000, 0x0000000706900000, 0x0000000706a00000|  0%| F|  |TAMS 0x0000000706900000, 0x0000000706900000| Untracked 
|  90|0x0000000706a00000, 0x0000000706a00000, 0x0000000706b00000|  0%| F|  |TAMS 0x0000000706a00000, 0x0000000706a00000| Untracked 
|  91|0x0000000706b00000, 0x0000000706b00000, 0x0000000706c00000|  0%| F|  |TAMS 0x0000000706b00000, 0x0000000706b00000| Untracked 
|  92|0x0000000706c00000, 0x0000000706c00000, 0x0000000706d00000|  0%| F|  |TAMS 0x0000000706c00000, 0x0000000706c00000| Untracked 
|  93|0x0000000706d00000, 0x0000000706d00000, 0x0000000706e00000|  0%| F|  |TAMS 0x0000000706d00000, 0x0000000706d00000| Untracked 
|  94|0x0000000706e00000, 0x0000000706e00000, 0x0000000706f00000|  0%| F|  |TAMS 0x0000000706e00000, 0x0000000706e00000| Untracked 
|  95|0x0000000706f00000, 0x0000000706f00000, 0x0000000707000000|  0%| F|  |TAMS 0x0000000706f00000, 0x0000000706f00000| Untracked 
|  96|0x0000000707000000, 0x0000000707000000, 0x0000000707100000|  0%| F|  |TAMS 0x0000000707000000, 0x0000000707000000| Untracked 
|  97|0x0000000707100000, 0x0000000707100000, 0x0000000707200000|  0%| F|  |TAMS 0x0000000707100000, 0x0000000707100000| Untracked 
|  98|0x0000000707200000, 0x0000000707200000, 0x0000000707300000|  0%| F|  |TAMS 0x0000000707200000, 0x0000000707200000| Untracked 
|  99|0x0000000707300000, 0x0000000707300000, 0x0000000707400000|  0%| F|  |TAMS 0x0000000707300000, 0x0000000707300000| Untracked 
| 100|0x0000000707400000, 0x0000000707400000, 0x0000000707500000|  0%| F|  |TAMS 0x0000000707400000, 0x0000000707400000| Untracked 
| 101|0x0000000707500000, 0x0000000707500000, 0x0000000707600000|  0%| F|  |TAMS 0x0000000707500000, 0x0000000707500000| Untracked 
| 102|0x0000000707600000, 0x0000000707600000, 0x0000000707700000|  0%| F|  |TAMS 0x0000000707600000, 0x0000000707600000| Untracked 
| 103|0x0000000707700000, 0x0000000707700000, 0x0000000707800000|  0%| F|  |TAMS 0x0000000707700000, 0x0000000707700000| Untracked 
| 104|0x0000000707800000, 0x0000000707800000, 0x0000000707900000|  0%| F|  |TAMS 0x0000000707800000, 0x0000000707800000| Untracked 
| 105|0x0000000707900000, 0x0000000707900000, 0x0000000707a00000|  0%| F|  |TAMS 0x0000000707900000, 0x0000000707900000| Untracked 
| 106|0x0000000707a00000, 0x0000000707a00000, 0x0000000707b00000|  0%| F|  |TAMS 0x0000000707a00000, 0x0000000707a00000| Untracked 
| 107|0x0000000707b00000, 0x0000000707b00000, 0x0000000707c00000|  0%| F|  |TAMS 0x0000000707b00000, 0x0000000707b00000| Untracked 
| 108|0x0000000707c00000, 0x0000000707c00000, 0x0000000707d00000|  0%| F|  |TAMS 0x0000000707c00000, 0x0000000707c00000| Untracked 
| 109|0x0000000707d00000, 0x0000000707d00000, 0x0000000707e00000|  0%| F|  |TAMS 0x0000000707d00000, 0x0000000707d00000| Untracked 
| 110|0x0000000707e00000, 0x0000000707e00000, 0x0000000707f00000|  0%| F|  |TAMS 0x0000000707e00000, 0x0000000707e00000| Untracked 
| 111|0x0000000707f00000, 0x0000000707f00000, 0x0000000708000000|  0%| F|  |TAMS 0x0000000707f00000, 0x0000000707f00000| Untracked 
| 112|0x0000000708000000, 0x0000000708000000, 0x0000000708100000|  0%| F|  |TAMS 0x0000000708000000, 0x0000000708000000| Untracked 
| 113|0x0000000708100000, 0x0000000708100000, 0x0000000708200000|  0%| F|  |TAMS 0x0000000708100000, 0x0000000708100000| Untracked 
| 114|0x0000000708200000, 0x0000000708200000, 0x0000000708300000|  0%| F|  |TAMS 0x0000000708200000, 0x0000000708200000| Untracked 
| 115|0x0000000708300000, 0x0000000708300000, 0x0000000708400000|  0%| F|  |TAMS 0x0000000708300000, 0x0000000708300000| Untracked 
| 116|0x0000000708400000, 0x0000000708400000, 0x0000000708500000|  0%| F|  |TAMS 0x0000000708400000, 0x0000000708400000| Untracked 
| 117|0x0000000708500000, 0x0000000708500000, 0x0000000708600000|  0%| F|  |TAMS 0x0000000708500000, 0x0000000708500000| Untracked 
| 118|0x0000000708600000, 0x0000000708600000, 0x0000000708700000|  0%| F|  |TAMS 0x0000000708600000, 0x0000000708600000| Untracked 
| 119|0x0000000708700000, 0x0000000708700000, 0x0000000708800000|  0%| F|  |TAMS 0x0000000708700000, 0x0000000708700000| Untracked 
| 120|0x0000000708800000, 0x0000000708800000, 0x0000000708900000|  0%| F|  |TAMS 0x0000000708800000, 0x0000000708800000| Untracked 
| 121|0x0000000708900000, 0x0000000708900000, 0x0000000708a00000|  0%| F|  |TAMS 0x0000000708900000, 0x0000000708900000| Untracked 
| 122|0x0000000708a00000, 0x0000000708a00000, 0x0000000708b00000|  0%| F|  |TAMS 0x0000000708a00000, 0x0000000708a00000| Untracked 
| 123|0x0000000708b00000, 0x0000000708b00000, 0x0000000708c00000|  0%| F|  |TAMS 0x0000000708b00000, 0x0000000708b00000| Untracked 
| 124|0x0000000708c00000, 0x0000000708c00000, 0x0000000708d00000|  0%| F|  |TAMS 0x0000000708c00000, 0x0000000708c00000| Untracked 
| 125|0x0000000708d00000, 0x0000000708d00000, 0x0000000708e00000|  0%| F|  |TAMS 0x0000000708d00000, 0x0000000708d00000| Untracked 
| 126|0x0000000708e00000, 0x0000000708e00000, 0x0000000708f00000|  0%| F|  |TAMS 0x0000000708e00000, 0x0000000708e00000| Untracked 
| 127|0x0000000708f00000, 0x0000000708f00000, 0x0000000709000000|  0%| F|  |TAMS 0x0000000708f00000, 0x0000000708f00000| Untracked 
| 128|0x0000000709000000, 0x0000000709000000, 0x0000000709100000|  0%| F|  |TAMS 0x0000000709000000, 0x0000000709000000| Untracked 
| 129|0x0000000709100000, 0x0000000709100000, 0x0000000709200000|  0%| F|  |TAMS 0x0000000709100000, 0x0000000709100000| Untracked 
| 130|0x0000000709200000, 0x0000000709200000, 0x0000000709300000|  0%| F|  |TAMS 0x0000000709200000, 0x0000000709200000| Untracked 
| 131|0x0000000709300000, 0x0000000709300000, 0x0000000709400000|  0%| F|  |TAMS 0x0000000709300000, 0x0000000709300000| Untracked 
| 132|0x0000000709400000, 0x0000000709400000, 0x0000000709500000|  0%| F|  |TAMS 0x0000000709400000, 0x0000000709400000| Untracked 
| 133|0x0000000709500000, 0x0000000709500000, 0x0000000709600000|  0%| F|  |TAMS 0x0000000709500000, 0x0000000709500000| Untracked 
| 134|0x0000000709600000, 0x0000000709600000, 0x0000000709700000|  0%| F|  |TAMS 0x0000000709600000, 0x0000000709600000| Untracked 
| 135|0x0000000709700000, 0x0000000709700000, 0x0000000709800000|  0%| F|  |TAMS 0x0000000709700000, 0x0000000709700000| Untracked 
| 136|0x0000000709800000, 0x0000000709800000, 0x0000000709900000|  0%| F|  |TAMS 0x0000000709800000, 0x0000000709800000| Untracked 
| 137|0x0000000709900000, 0x0000000709900000, 0x0000000709a00000|  0%| F|  |TAMS 0x0000000709900000, 0x0000000709900000| Untracked 
| 138|0x0000000709a00000, 0x0000000709a00000, 0x0000000709b00000|  0%| F|  |TAMS 0x0000000709a00000, 0x0000000709a00000| Untracked 
| 139|0x0000000709b00000, 0x0000000709b00000, 0x0000000709c00000|  0%| F|  |TAMS 0x0000000709b00000, 0x0000000709b00000| Untracked 
| 140|0x0000000709c00000, 0x0000000709c00000, 0x0000000709d00000|  0%| F|  |TAMS 0x0000000709c00000, 0x0000000709c00000| Untracked 
| 141|0x0000000709d00000, 0x0000000709d00000, 0x0000000709e00000|  0%| F|  |TAMS 0x0000000709d00000, 0x0000000709d00000| Untracked 
| 142|0x0000000709e00000, 0x0000000709e00000, 0x0000000709f00000|  0%| F|  |TAMS 0x0000000709e00000, 0x0000000709e00000| Untracked 
| 143|0x0000000709f00000, 0x0000000709f00000, 0x000000070a000000|  0%| F|  |TAMS 0x0000000709f00000, 0x0000000709f00000| Untracked 
| 144|0x000000070a000000, 0x000000070a000000, 0x000000070a100000|  0%| F|  |TAMS 0x000000070a000000, 0x000000070a000000| Untracked 
| 145|0x000000070a100000, 0x000000070a100000, 0x000000070a200000|  0%| F|  |TAMS 0x000000070a100000, 0x000000070a100000| Untracked 
| 146|0x000000070a200000, 0x000000070a200000, 0x000000070a300000|  0%| F|  |TAMS 0x000000070a200000, 0x000000070a200000| Untracked 
| 147|0x000000070a300000, 0x000000070a300000, 0x000000070a400000|  0%| F|  |TAMS 0x000000070a300000, 0x000000070a300000| Untracked 
| 148|0x000000070a400000, 0x000000070a400000, 0x000000070a500000|  0%| F|  |TAMS 0x000000070a400000, 0x000000070a400000| Untracked 
| 149|0x000000070a500000, 0x000000070a500000, 0x000000070a600000|  0%| F|  |TAMS 0x000000070a500000, 0x000000070a500000| Untracked 
| 150|0x000000070a600000, 0x000000070a600000, 0x000000070a700000|  0%| F|  |TAMS 0x000000070a600000, 0x000000070a600000| Untracked 
| 151|0x000000070a700000, 0x000000070a700000, 0x000000070a800000|  0%| F|  |TAMS 0x000000070a700000, 0x000000070a700000| Untracked 
| 152|0x000000070a800000, 0x000000070a800000, 0x000000070a900000|  0%| F|  |TAMS 0x000000070a800000, 0x000000070a800000| Untracked 
| 153|0x000000070a900000, 0x000000070a900000, 0x000000070aa00000|  0%| F|  |TAMS 0x000000070a900000, 0x000000070a900000| Untracked 
| 154|0x000000070aa00000, 0x000000070aa00000, 0x000000070ab00000|  0%| F|  |TAMS 0x000000070aa00000, 0x000000070aa00000| Untracked 
| 155|0x000000070ab00000, 0x000000070ab00000, 0x000000070ac00000|  0%| F|  |TAMS 0x000000070ab00000, 0x000000070ab00000| Untracked 
| 156|0x000000070ac00000, 0x000000070ac00000, 0x000000070ad00000|  0%| F|  |TAMS 0x000000070ac00000, 0x000000070ac00000| Untracked 
| 157|0x000000070ad00000, 0x000000070ad00000, 0x000000070ae00000|  0%| F|  |TAMS 0x000000070ad00000, 0x000000070ad00000| Untracked 
| 158|0x000000070ae00000, 0x000000070ae00000, 0x000000070af00000|  0%| F|  |TAMS 0x000000070ae00000, 0x000000070ae00000| Untracked 
| 159|0x000000070af00000, 0x000000070af00000, 0x000000070b000000|  0%| F|  |TAMS 0x000000070af00000, 0x000000070af00000| Untracked 
| 160|0x000000070b000000, 0x000000070b000000, 0x000000070b100000|  0%| F|  |TAMS 0x000000070b000000, 0x000000070b000000| Untracked 
| 161|0x000000070b100000, 0x000000070b100000, 0x000000070b200000|  0%| F|  |TAMS 0x000000070b100000, 0x000000070b100000| Untracked 
| 162|0x000000070b200000, 0x000000070b200000, 0x000000070b300000|  0%| F|  |TAMS 0x000000070b200000, 0x000000070b200000| Untracked 
| 163|0x000000070b300000, 0x000000070b300000, 0x000000070b400000|  0%| F|  |TAMS 0x000000070b300000, 0x000000070b300000| Untracked 
| 164|0x000000070b400000, 0x000000070b400000, 0x000000070b500000|  0%| F|  |TAMS 0x000000070b400000, 0x000000070b400000| Untracked 
| 165|0x000000070b500000, 0x000000070b500000, 0x000000070b600000|  0%| F|  |TAMS 0x000000070b500000, 0x000000070b500000| Untracked 
| 166|0x000000070b600000, 0x000000070b600000, 0x000000070b700000|  0%| F|  |TAMS 0x000000070b600000, 0x000000070b600000| Untracked 
| 167|0x000000070b700000, 0x000000070b700000, 0x000000070b800000|  0%| F|  |TAMS 0x000000070b700000, 0x000000070b700000| Untracked 
| 168|0x000000070b800000, 0x000000070b800000, 0x000000070b900000|  0%| F|  |TAMS 0x000000070b800000, 0x000000070b800000| Untracked 
| 169|0x000000070b900000, 0x000000070b900000, 0x000000070ba00000|  0%| F|  |TAMS 0x000000070b900000, 0x000000070b900000| Untracked 
| 170|0x000000070ba00000, 0x000000070ba00000, 0x000000070bb00000|  0%| F|  |TAMS 0x000000070ba00000, 0x000000070ba00000| Untracked 
| 171|0x000000070bb00000, 0x000000070bb00000, 0x000000070bc00000|  0%| F|  |TAMS 0x000000070bb00000, 0x000000070bb00000| Untracked 
| 172|0x000000070bc00000, 0x000000070bc00000, 0x000000070bd00000|  0%| F|  |TAMS 0x000000070bc00000, 0x000000070bc00000| Untracked 
| 173|0x000000070bd00000, 0x000000070bd00000, 0x000000070be00000|  0%| F|  |TAMS 0x000000070bd00000, 0x000000070bd00000| Untracked 
| 174|0x000000070be00000, 0x000000070be00000, 0x000000070bf00000|  0%| F|  |TAMS 0x000000070be00000, 0x000000070be00000| Untracked 
| 175|0x000000070bf00000, 0x000000070bf00000, 0x000000070c000000|  0%| F|  |TAMS 0x000000070bf00000, 0x000000070bf00000| Untracked 
| 176|0x000000070c000000, 0x000000070c000000, 0x000000070c100000|  0%| F|  |TAMS 0x000000070c000000, 0x000000070c000000| Untracked 
| 177|0x000000070c100000, 0x000000070c100000, 0x000000070c200000|  0%| F|  |TAMS 0x000000070c100000, 0x000000070c100000| Untracked 
| 178|0x000000070c200000, 0x000000070c200000, 0x000000070c300000|  0%| F|  |TAMS 0x000000070c200000, 0x000000070c200000| Untracked 
| 179|0x000000070c300000, 0x000000070c300000, 0x000000070c400000|  0%| F|  |TAMS 0x000000070c300000, 0x000000070c300000| Untracked 
| 180|0x000000070c400000, 0x000000070c400000, 0x000000070c500000|  0%| F|  |TAMS 0x000000070c400000, 0x000000070c400000| Untracked 
| 181|0x000000070c500000, 0x000000070c500000, 0x000000070c600000|  0%| F|  |TAMS 0x000000070c500000, 0x000000070c500000| Untracked 
| 182|0x000000070c600000, 0x000000070c600000, 0x000000070c700000|  0%| F|  |TAMS 0x000000070c600000, 0x000000070c600000| Untracked 
| 183|0x000000070c700000, 0x000000070c700000, 0x000000070c800000|  0%| F|  |TAMS 0x000000070c700000, 0x000000070c700000| Untracked 
| 184|0x000000070c800000, 0x000000070c800000, 0x000000070c900000|  0%| F|  |TAMS 0x000000070c800000, 0x000000070c800000| Untracked 
| 185|0x000000070c900000, 0x000000070c900000, 0x000000070ca00000|  0%| F|  |TAMS 0x000000070c900000, 0x000000070c900000| Untracked 
| 186|0x000000070ca00000, 0x000000070ca00000, 0x000000070cb00000|  0%| F|  |TAMS 0x000000070ca00000, 0x000000070ca00000| Untracked 
| 187|0x000000070cb00000, 0x000000070cb00000, 0x000000070cc00000|  0%| F|  |TAMS 0x000000070cb00000, 0x000000070cb00000| Untracked 
| 188|0x000000070cc00000, 0x000000070cc00000, 0x000000070cd00000|  0%| F|  |TAMS 0x000000070cc00000, 0x000000070cc00000| Untracked 
| 189|0x000000070cd00000, 0x000000070cd00000, 0x000000070ce00000|  0%| F|  |TAMS 0x000000070cd00000, 0x000000070cd00000| Untracked 
| 190|0x000000070ce00000, 0x000000070ce00000, 0x000000070cf00000|  0%| F|  |TAMS 0x000000070ce00000, 0x000000070ce00000| Untracked 
| 191|0x000000070cf00000, 0x000000070cf00000, 0x000000070d000000|  0%| F|  |TAMS 0x000000070cf00000, 0x000000070cf00000| Untracked 
| 192|0x000000070d000000, 0x000000070d000000, 0x000000070d100000|  0%| F|  |TAMS 0x000000070d000000, 0x000000070d000000| Untracked 
| 193|0x000000070d100000, 0x000000070d100000, 0x000000070d200000|  0%| F|  |TAMS 0x000000070d100000, 0x000000070d100000| Untracked 
| 194|0x000000070d200000, 0x000000070d200000, 0x000000070d300000|  0%| F|  |TAMS 0x000000070d200000, 0x000000070d200000| Untracked 
| 195|0x000000070d300000, 0x000000070d300000, 0x000000070d400000|  0%| F|  |TAMS 0x000000070d300000, 0x000000070d300000| Untracked 
| 196|0x000000070d400000, 0x000000070d400000, 0x000000070d500000|  0%| F|  |TAMS 0x000000070d400000, 0x000000070d400000| Untracked 
| 197|0x000000070d500000, 0x000000070d500000, 0x000000070d600000|  0%| F|  |TAMS 0x000000070d500000, 0x000000070d500000| Untracked 
| 198|0x000000070d600000, 0x000000070d600000, 0x000000070d700000|  0%| F|  |TAMS 0x000000070d600000, 0x000000070d600000| Untracked 
| 199|0x000000070d700000, 0x000000070d700000, 0x000000070d800000|  0%| F|  |TAMS 0x000000070d700000, 0x000000070d700000| Untracked 
| 200|0x000000070d800000, 0x000000070d800000, 0x000000070d900000|  0%| F|  |TAMS 0x000000070d800000, 0x000000070d800000| Untracked 
| 201|0x000000070d900000, 0x000000070d900000, 0x000000070da00000|  0%| F|  |TAMS 0x000000070d900000, 0x000000070d900000| Untracked 
| 202|0x000000070da00000, 0x000000070da00000, 0x000000070db00000|  0%| F|  |TAMS 0x000000070da00000, 0x000000070da00000| Untracked 
| 203|0x000000070db00000, 0x000000070db00000, 0x000000070dc00000|  0%| F|  |TAMS 0x000000070db00000, 0x000000070db00000| Untracked 
| 204|0x000000070dc00000, 0x000000070dc00000, 0x000000070dd00000|  0%| F|  |TAMS 0x000000070dc00000, 0x000000070dc00000| Untracked 
| 205|0x000000070dd00000, 0x000000070dd00000, 0x000000070de00000|  0%| F|  |TAMS 0x000000070dd00000, 0x000000070dd00000| Untracked 
| 206|0x000000070de00000, 0x000000070de00000, 0x000000070df00000|  0%| F|  |TAMS 0x000000070de00000, 0x000000070de00000| Untracked 
| 207|0x000000070df00000, 0x000000070df00000, 0x000000070e000000|  0%| F|  |TAMS 0x000000070df00000, 0x000000070df00000| Untracked 
| 208|0x000000070e000000, 0x000000070e000000, 0x000000070e100000|  0%| F|  |TAMS 0x000000070e000000, 0x000000070e000000| Untracked 
| 209|0x000000070e100000, 0x000000070e100000, 0x000000070e200000|  0%| F|  |TAMS 0x000000070e100000, 0x000000070e100000| Untracked 
| 210|0x000000070e200000, 0x000000070e200000, 0x000000070e300000|  0%| F|  |TAMS 0x000000070e200000, 0x000000070e200000| Untracked 
| 211|0x000000070e300000, 0x000000070e300000, 0x000000070e400000|  0%| F|  |TAMS 0x000000070e300000, 0x000000070e300000| Untracked 
| 212|0x000000070e400000, 0x000000070e400000, 0x000000070e500000|  0%| F|  |TAMS 0x000000070e400000, 0x000000070e400000| Untracked 
| 213|0x000000070e500000, 0x000000070e500000, 0x000000070e600000|  0%| F|  |TAMS 0x000000070e500000, 0x000000070e500000| Untracked 
| 214|0x000000070e600000, 0x000000070e600000, 0x000000070e700000|  0%| F|  |TAMS 0x000000070e600000, 0x000000070e600000| Untracked 
| 215|0x000000070e700000, 0x000000070e700000, 0x000000070e800000|  0%| F|  |TAMS 0x000000070e700000, 0x000000070e700000| Untracked 
| 216|0x000000070e800000, 0x000000070e800000, 0x000000070e900000|  0%| F|  |TAMS 0x000000070e800000, 0x000000070e800000| Untracked 
| 217|0x000000070e900000, 0x000000070e900000, 0x000000070ea00000|  0%| F|  |TAMS 0x000000070e900000, 0x000000070e900000| Untracked 
| 218|0x000000070ea00000, 0x000000070ea00000, 0x000000070eb00000|  0%| F|  |TAMS 0x000000070ea00000, 0x000000070ea00000| Untracked 
| 219|0x000000070eb00000, 0x000000070eb00000, 0x000000070ec00000|  0%| F|  |TAMS 0x000000070eb00000, 0x000000070eb00000| Untracked 
| 220|0x000000070ec00000, 0x000000070ec00000, 0x000000070ed00000|  0%| F|  |TAMS 0x000000070ec00000, 0x000000070ec00000| Untracked 
| 221|0x000000070ed00000, 0x000000070ed00000, 0x000000070ee00000|  0%| F|  |TAMS 0x000000070ed00000, 0x000000070ed00000| Untracked 
| 222|0x000000070ee00000, 0x000000070ee00000, 0x000000070ef00000|  0%| F|  |TAMS 0x000000070ee00000, 0x000000070ee00000| Untracked 
| 223|0x000000070ef00000, 0x000000070ef00000, 0x000000070f000000|  0%| F|  |TAMS 0x000000070ef00000, 0x000000070ef00000| Untracked 
| 224|0x000000070f000000, 0x000000070f000000, 0x000000070f100000|  0%| F|  |TAMS 0x000000070f000000, 0x000000070f000000| Untracked 
| 225|0x000000070f100000, 0x000000070f100000, 0x000000070f200000|  0%| F|  |TAMS 0x000000070f100000, 0x000000070f100000| Untracked 
| 226|0x000000070f200000, 0x000000070f200000, 0x000000070f300000|  0%| F|  |TAMS 0x000000070f200000, 0x000000070f200000| Untracked 
| 227|0x000000070f300000, 0x000000070f300000, 0x000000070f400000|  0%| F|  |TAMS 0x000000070f300000, 0x000000070f300000| Untracked 
| 228|0x000000070f400000, 0x000000070f400000, 0x000000070f500000|  0%| F|  |TAMS 0x000000070f400000, 0x000000070f400000| Untracked 
| 229|0x000000070f500000, 0x000000070f500000, 0x000000070f600000|  0%| F|  |TAMS 0x000000070f500000, 0x000000070f500000| Untracked 
| 230|0x000000070f600000, 0x000000070f600000, 0x000000070f700000|  0%| F|  |TAMS 0x000000070f600000, 0x000000070f600000| Untracked 
| 231|0x000000070f700000, 0x000000070f700000, 0x000000070f800000|  0%| F|  |TAMS 0x000000070f700000, 0x000000070f700000| Untracked 
| 232|0x000000070f800000, 0x000000070f800000, 0x000000070f900000|  0%| F|  |TAMS 0x000000070f800000, 0x000000070f800000| Untracked 
| 233|0x000000070f900000, 0x000000070f900000, 0x000000070fa00000|  0%| F|  |TAMS 0x000000070f900000, 0x000000070f900000| Untracked 
| 234|0x000000070fa00000, 0x000000070fa00000, 0x000000070fb00000|  0%| F|  |TAMS 0x000000070fa00000, 0x000000070fa00000| Untracked 
| 235|0x000000070fb00000, 0x000000070fb1e510, 0x000000070fc00000| 11%| E|  |TAMS 0x000000070fb00000, 0x000000070fb00000| Complete 
| 236|0x000000070fc00000, 0x000000070fd00000, 0x000000070fd00000|100%| E|CS|TAMS 0x000000070fc00000, 0x000000070fc00000| Complete 
| 237|0x000000070fd00000, 0x000000070fe00000, 0x000000070fe00000|100%| E|CS|TAMS 0x000000070fd00000, 0x000000070fd00000| Complete 
| 238|0x000000070fe00000, 0x000000070ff00000, 0x000000070ff00000|100%| E|  |TAMS 0x000000070fe00000, 0x000000070fe00000| Complete 
| 239|0x000000070ff00000, 0x0000000710000000, 0x0000000710000000|100%| E|CS|TAMS 0x000000070ff00000, 0x000000070ff00000| Complete 
| 240|0x0000000710000000, 0x0000000710100000, 0x0000000710100000|100%| E|CS|TAMS 0x0000000710000000, 0x0000000710000000| Complete 
| 241|0x0000000710100000, 0x0000000710200000, 0x0000000710200000|100%| E|CS|TAMS 0x0000000710100000, 0x0000000710100000| Complete 
| 242|0x0000000710200000, 0x0000000710300000, 0x0000000710300000|100%| E|CS|TAMS 0x0000000710200000, 0x0000000710200000| Complete 
| 243|0x0000000710300000, 0x0000000710400000, 0x0000000710400000|100%| E|CS|TAMS 0x0000000710300000, 0x0000000710300000| Complete 
| 244|0x0000000710400000, 0x0000000710500000, 0x0000000710500000|100%| E|CS|TAMS 0x0000000710400000, 0x0000000710400000| Complete 
| 245|0x0000000710500000, 0x0000000710600000, 0x0000000710600000|100%| E|CS|TAMS 0x0000000710500000, 0x0000000710500000| Complete 
| 246|0x0000000710600000, 0x0000000710700000, 0x0000000710700000|100%| E|CS|TAMS 0x0000000710600000, 0x0000000710600000| Complete 
| 247|0x0000000710700000, 0x0000000710800000, 0x0000000710800000|100%| E|CS|TAMS 0x0000000710700000, 0x0000000710700000| Complete 
| 248|0x0000000710800000, 0x0000000710900000, 0x0000000710900000|100%| E|CS|TAMS 0x0000000710800000, 0x0000000710800000| Complete 
| 249|0x0000000710900000, 0x0000000710a00000, 0x0000000710a00000|100%| E|CS|TAMS 0x0000000710900000, 0x0000000710900000| Complete 
| 250|0x0000000710a00000, 0x0000000710b00000, 0x0000000710b00000|100%| E|CS|TAMS 0x0000000710a00000, 0x0000000710a00000| Complete 
| 251|0x0000000710b00000, 0x0000000710c00000, 0x0000000710c00000|100%| E|CS|TAMS 0x0000000710b00000, 0x0000000710b00000| Complete 
| 252|0x0000000710c00000, 0x0000000710d00000, 0x0000000710d00000|100%| E|CS|TAMS 0x0000000710c00000, 0x0000000710c00000| Complete 
| 253|0x0000000710d00000, 0x0000000710e00000, 0x0000000710e00000|100%| E|CS|TAMS 0x0000000710d00000, 0x0000000710d00000| Complete 
| 254|0x0000000710e00000, 0x0000000710f00000, 0x0000000710f00000|100%| E|CS|TAMS 0x0000000710e00000, 0x0000000710e00000| Complete 
| 255|0x0000000710f00000, 0x0000000711000000, 0x0000000711000000|100%| E|CS|TAMS 0x0000000710f00000, 0x0000000710f00000| Complete 

Card table byte_map: [0x0000013afb450000,0x0000013afbc50000] _byte_map_base: 0x0000013af7c48000

Marking Bits (Prev, Next): (CMBitMap*) 0x0000013af248d988, (CMBitMap*) 0x0000013af248d9c8
 Prev Bits: [0x0000013a8f000000, 0x0000013a92fc0000)
 Next Bits: [0x0000013a92fc0000, 0x0000013a96f80000)

Polling page: 0x0000013af03a0000

Metaspace:

Usage:
  Non-class:      7.65 MB capacity,     5.02 MB ( 66%) used,     2.63 MB ( 34%) free+waste,     9.50 KB ( <1%) overhead. 
      Class:    576.00 KB capacity,   276.53 KB ( 48%) used,   295.47 KB ( 51%) free+waste,     4.00 KB ( <1%) overhead. 
       Both:      8.21 MB capacity,     5.29 MB ( 64%) used,     2.92 MB ( 35%) free+waste,    13.50 KB ( <1%) overhead. 

Virtual space:
  Non-class space:        8.00 MB reserved,       7.75 MB ( 97%) committed 
      Class space:        1.00 GB reserved,     640.00 KB ( <1%) committed 
             Both:        1.01 GB reserved,       8.38 MB ( <1%) committed 

Chunk freelists:
   Non-Class:  101.00 KB
       Class:  0 bytes
        Both:  101.00 KB

MaxMetaspaceSize: 17179869184.00 GB
CompressedClassSpaceSize: 1.00 GB

CodeHeap 'non-profiled nmethods': size=120000Kb used=271Kb max_used=271Kb free=119728Kb
 bounds [0x0000013a87ad0000, 0x0000013a87d40000, 0x0000013a8f000000]
CodeHeap 'profiled nmethods': size=120000Kb used=1392Kb max_used=1392Kb free=118608Kb
 bounds [0x0000013a805a0000, 0x0000013a80810000, 0x0000013a87ad0000]
CodeHeap 'non-nmethods': size=5760Kb used=1645Kb max_used=1658Kb free=4115Kb
 bounds [0x0000013a80000000, 0x0000013a80270000, 0x0000013a805a0000]
 total_blobs=2177 nmethods=792 adapters=848
 compilation: enabled
              stopped_count=0, restarted_count=0
 full_count=0

Compilation events (20 events):
Event: 1.420 Thread 0x0000013aff880800  773       3       org.lwjgl.PointerBuffer::put (24 bytes)
Event: 1.420 Thread 0x0000013aff880800 nmethod 773 0x0000013a806f7c90 code [0x0000013a806f7e80, 0x0000013a806f83f0]
Event: 1.420 Thread 0x0000013aff880800  774       3       org.lwjgl.system.Checks::check (17 bytes)
Event: 1.421 Thread 0x0000013aff880800 nmethod 774 0x0000013a806f8690 code [0x0000013a806f8860, 0x0000013a806f8c30]
Event: 1.421 Thread 0x0000013aff880800  775       3       org.lwjgl.system.CheckIntrinsics::checkIndex (6 bytes)
Event: 1.421 Thread 0x0000013aff880800 nmethod 775 0x0000013a806f8e10 code [0x0000013a806f9020, 0x0000013a806f97d0]
Event: 1.421 Thread 0x0000013aff880800  767       3       java.lang.reflect.Field::checkAccess (32 bytes)
Event: 1.421 Thread 0x0000013aff880800 nmethod 767 0x0000013a806f9a90 code [0x0000013a806f9c60, 0x0000013a806f9f90]
Event: 1.706 Thread 0x0000013aff880800  780       3       org.lwjgl.glfw.EventLoop$OnScreen::check (1 bytes)
Event: 1.706 Thread 0x0000013aff880800 nmethod 780 0x0000013a806fa090 code [0x0000013a806fa220, 0x0000013a806fa358]
Event: 1.707 Thread 0x0000013aff880800  781       3       org.lwjgl.glfw.GLFW::glfwWindowShouldClose (29 bytes)
Event: 1.707 Thread 0x0000013aff880800 nmethod 781 0x0000013a806fa410 code [0x0000013a806fa5e0, 0x0000013a806fa940]
Event: 1.711 Thread 0x0000013aff880800  783       3       org.lwjgl.glfw.GLFW::glfwGetKey (22 bytes)
Event: 1.712 Thread 0x0000013aff880800 nmethod 783 0x0000013a806faa90 code [0x0000013a806fac60, 0x0000013a806faf80]
Event: 1.716 Thread 0x0000013aff880800  785       3       org.lwjgl.glfw.GLFW::glfwPollEvents (12 bytes)
Event: 1.716 Thread 0x0000013aff880800 nmethod 785 0x0000013a806fb110 code [0x0000013a806fb2c0, 0x0000013a806fb490]
Event: 1.721 Thread 0x0000013aff880800  787       3       org.lwjgl.opengl.GL11::glClear (5 bytes)
Event: 1.722 Thread 0x0000013aff880800 nmethod 787 0x0000013a806fb590 code [0x0000013a806fb740, 0x0000013a806fb8b0]
Event: 1.773 Thread 0x0000013aff880800  792       3       org.lwjgl.glfw.GLFW::glfwSwapBuffers (21 bytes)
Event: 1.773 Thread 0x0000013aff880800 nmethod 792 0x0000013a806fb990 code [0x0000013a806fbb60, 0x0000013a806fbe80]

GC Heap History (0 events):
No events

Deoptimization events (16 events):
Event: 0.257 Thread 0x0000013af2423000 DEOPT PACKING pc=0x0000013a805f8018 sp=0x00000010b76fce80
Event: 0.257 Thread 0x0000013af2423000 DEOPT UNPACKING pc=0x0000013a8004964e sp=0x00000010b76fc2e8 mode 0
Event: 0.260 Thread 0x0000013af2423000 DEOPT PACKING pc=0x0000013a805fe3f2 sp=0x00000010b76fd020
Event: 0.260 Thread 0x0000013af2423000 DEOPT UNPACKING pc=0x0000013a8004964e sp=0x00000010b76fc4a8 mode 0
Event: 0.268 Thread 0x0000013af2423000 Uncommon trap: trap_request=0xffffff45 fr.pc=0x0000013a87ad5e0c relative=0x00000000000000ec
Event: 0.268 Thread 0x0000013af2423000 Uncommon trap: reason=unstable_if action=reinterpret pc=0x0000013a87ad5e0c method=java.lang.String.isLatin1()Z @ 10 c2
Event: 0.268 Thread 0x0000013af2423000 DEOPT PACKING pc=0x0000013a87ad5e0c sp=0x00000010b76febb0
Event: 0.268 Thread 0x0000013af2423000 DEOPT UNPACKING pc=0x0000013a8004912f sp=0x00000010b76feb00 mode 2
Event: 0.415 Thread 0x0000013af2423000 Uncommon trap: trap_request=0xffffff45 fr.pc=0x0000013a87ae2f64 relative=0x0000000000000044
Event: 0.415 Thread 0x0000013af2423000 Uncommon trap: reason=unstable_if action=reinterpret pc=0x0000013a87ae2f64 method=java.lang.CharacterData.of(I)Ljava/lang/CharacterData; @ 4 c2
Event: 0.415 Thread 0x0000013af2423000 DEOPT PACKING pc=0x0000013a87ae2f64 sp=0x00000010b76fcc20
Event: 0.415 Thread 0x0000013af2423000 DEOPT UNPACKING pc=0x0000013a8004912f sp=0x00000010b76fcbc0 mode 2
Event: 1.400 Thread 0x0000013af2423000 Uncommon trap: trap_request=0xffffff54 fr.pc=0x0000013a87afe698 relative=0x0000000000000078
Event: 1.400 Thread 0x0000013af2423000 Uncommon trap: reason=speculate_null_assert action=make_not_entrant pc=0x0000013a87afe698 method=sun.misc.Unsafe.putLong(Ljava/lang/Object;JJ)V @ 7 c2
Event: 1.400 Thread 0x0000013af2423000 DEOPT PACKING pc=0x0000013a87afe698 sp=0x00000010b76fec90
Event: 1.400 Thread 0x0000013af2423000 DEOPT UNPACKING pc=0x0000013a8004912f sp=0x00000010b76fec28 mode 2

Classes unloaded (0 events):
No events

Classes redefined (0 events):
No events

Internal exceptions (10 events):
Event: 0.320 Thread 0x0000013af2423000 Exception <a 'java/lang/NoSuchMethodError'{0x0000000710a407d8}: 'void java.lang.invoke.DelegatingMethodHandle$Holder.delegate(java.lang.Object, java.lang.Object, int, java.lang.Object)'> (0x0000000710a407d8) 
thrown [t:/workspace/open/src/hotspot/share/interpreter/linkResolver.cpp, line 767]
Event: 0.323 Thread 0x0000013af2423000 Exception <a 'java/lang/NoSuchMethodError'{0x0000000710a472e0}: 'java.lang.Object java.lang.invoke.DirectMethodHandle$Holder.invokeStaticInit(java.lang.Object, java.lang.Object, java.lang.Object)'> (0x0000000710a472e0) 
thrown [t:/workspace/open/src/hotspot/share/interpreter/linkResolver.cpp, line 767]
Event: 0.385 Thread 0x0000013af2423000 Exception <a 'sun/nio/fs/WindowsException'{0x0000000710944668}> (0x0000000710944668) 
thrown [t:/workspace/open/src/hotspot/share/prims/jni.cpp, line 598]
Event: 0.386 Thread 0x0000013af2423000 Exception <a 'sun/nio/fs/WindowsException'{0x0000000710945c98}> (0x0000000710945c98) 
thrown [t:/workspace/open/src/hotspot/share/prims/jni.cpp, line 598]
Event: 0.430 Thread 0x0000013af2423000 Exception <a 'sun/nio/fs/WindowsException'{0x0000000710844f18}> (0x0000000710844f18) 
thrown [t:/workspace/open/src/hotspot/share/prims/jni.cpp, line 598]
Event: 0.430 Thread 0x0000013af2423000 Exception <a 'sun/nio/fs/WindowsException'{0x0000000710845288}> (0x0000000710845288) 
thrown [t:/workspace/open/src/hotspot/share/prims/jni.cpp, line 598]
Event: 1.040 Thread 0x0000013af2423000 Exception <a 'sun/nio/fs/WindowsException'{0x00000007107a13e8}> (0x00000007107a13e8) 
thrown [t:/workspace/open/src/hotspot/share/prims/jni.cpp, line 598]
Event: 1.040 Thread 0x0000013af2423000 Exception <a 'sun/nio/fs/WindowsException'{0x00000007107a1798}> (0x00000007107a1798) 
thrown [t:/workspace/open/src/hotspot/share/prims/jni.cpp, line 598]
Event: 1.046 Thread 0x0000013af2423000 Exception <a 'sun/nio/fs/WindowsException'{0x00000007107c5f60}> (0x00000007107c5f60) 
thrown [t:/workspace/open/src/hotspot/share/prims/jni.cpp, line 598]
Event: 1.046 Thread 0x0000013af2423000 Exception <a 'sun/nio/fs/WindowsException'{0x00000007107c6248}> (0x00000007107c6248) 
thrown [t:/workspace/open/src/hotspot/share/prims/jni.cpp, line 598]

Events (20 events):
Event: 1.717 Loaded shared library C:\Users\sebas\AppData\Local\Temp\lwjglsebas\3.2.3-build-13\lwjgl.dll
Event: 1.719 Loaded shared library C:\Users\sebas\AppData\Local\Temp\lwjglsebas\3.2.3-build-13\lwjgl.dll
Event: 1.720 Loaded shared library C:\Users\sebas\AppData\Local\Temp\lwjglsebas\3.2.3-build-13\lwjgl.dll
Event: 1.721 Loaded shared library C:\Users\sebas\AppData\Local\Temp\lwjglsebas\3.2.3-build-13\lwjgl.dll
Event: 1.724 Loaded shared library C:\Users\sebas\AppData\Local\Temp\lwjglsebas\3.2.3-build-13\lwjgl_opengl.dll
Event: 1.727 Loaded shared library C:\Users\sebas\AppData\Local\Temp\lwjglsebas\3.2.3-build-13\lwjgl_opengl.dll
Event: 1.731 Loaded shared library C:\Users\sebas\AppData\Local\Temp\lwjglsebas\3.2.3-build-13\lwjgl_opengl.dll
Event: 1.734 Loaded shared library C:\Users\sebas\AppData\Local\Temp\lwjglsebas\3.2.3-build-13\lwjgl_opengl.dll
Event: 1.736 Loaded shared library C:\Users\sebas\AppData\Local\Temp\lwjglsebas\3.2.3-build-13\lwjgl_opengl.dll
Event: 1.739 Loaded shared library C:\Users\sebas\AppData\Local\Temp\lwjglsebas\3.2.3-build-13\lwjgl_opengl.dll
Event: 1.741 Loaded shared library C:\Users\sebas\AppData\Local\Temp\lwjglsebas\3.2.3-build-13\lwjgl_opengl.dll
Event: 1.745 Loaded shared library C:\Users\sebas\AppData\Local\Temp\lwjglsebas\3.2.3-build-13\lwjgl_opengl.dll
Event: 1.748 Loaded shared library C:\Users\sebas\AppData\Local\Temp\lwjglsebas\3.2.3-build-13\lwjgl_opengl.dll
Event: 1.752 Loaded shared library C:\Users\sebas\AppData\Local\Temp\lwjglsebas\3.2.3-build-13\lwjgl_opengl.dll
Event: 1.755 Loaded shared library C:\Users\sebas\AppData\Local\Temp\lwjglsebas\3.2.3-build-13\lwjgl_opengl.dll
Event: 1.758 Loaded shared library C:\Users\sebas\AppData\Local\Temp\lwjglsebas\3.2.3-build-13\lwjgl_opengl.dll
Event: 1.763 Loaded shared library C:\Users\sebas\AppData\Local\Temp\lwjglsebas\3.2.3-build-13\lwjgl_opengl.dll
Event: 1.766 Loaded shared library C:\Users\sebas\AppData\Local\Temp\lwjglsebas\3.2.3-build-13\lwjgl_opengl.dll
Event: 1.769 Loaded shared library C:\Users\sebas\AppData\Local\Temp\lwjglsebas\3.2.3-build-13\lwjgl_opengl.dll
Event: 1.773 Loaded shared library C:\Users\sebas\AppData\Local\Temp\lwjglsebas\3.2.3-build-13\lwjgl_opengl.dll


Dynamic libraries:
0x00007ff6e31c0000 - 0x00007ff6e31cd000 	E:\Java JDK\openjdk_13.0.1\bin\java.exe
0x00007ff993620000 - 0x00007ff993810000 	C:\WINDOWS\SYSTEM32\ntdll.dll
0x00007ff9917b0000 - 0x00007ff991862000 	C:\WINDOWS\System32\KERNEL32.DLL
0x00007ff990ca0000 - 0x00007ff990f43000 	C:\WINDOWS\System32\KERNELBASE.dll
0x00007ff990960000 - 0x00007ff990a5a000 	C:\WINDOWS\System32\ucrtbase.dll
0x00007ff98e190000 - 0x00007ff98e1a5000 	E:\Java JDK\openjdk_13.0.1\bin\VCRUNTIME140.dll
0x00007ff98e170000 - 0x00007ff98e188000 	E:\Java JDK\openjdk_13.0.1\bin\jli.dll
0x00007ff97fae0000 - 0x00007ff97fd65000 	C:\WINDOWS\WinSxS\amd64_microsoft.windows.common-controls_6595b64144ccf1df_6.0.18362.10024_none_25aeef8e19924af1\COMCTL32.dll
0x00007ff991870000 - 0x00007ff991a04000 	C:\WINDOWS\System32\USER32.dll
0x00007ff993000000 - 0x00007ff99309e000 	C:\WINDOWS\System32\msvcrt.dll
0x00007ff992360000 - 0x00007ff992696000 	C:\WINDOWS\System32\combase.dll
0x00007ff993460000 - 0x00007ff993580000 	C:\WINDOWS\System32\RPCRT4.dll
0x00007ff990930000 - 0x00007ff990951000 	C:\WINDOWS\System32\win32u.dll
0x00007ff990c20000 - 0x00007ff990ca0000 	C:\WINDOWS\System32\bcryptPrimitives.dll
0x00007ff9916d0000 - 0x00007ff9916f6000 	C:\WINDOWS\System32\GDI32.dll
0x00007ff990a80000 - 0x00007ff990c14000 	C:\WINDOWS\System32\gdi32full.dll
0x00007ff990890000 - 0x00007ff99092e000 	C:\WINDOWS\System32\msvcp_win.dll
0x00007ff992330000 - 0x00007ff99235e000 	C:\WINDOWS\System32\IMM32.DLL
0x00007ff981a40000 - 0x00007ff981adb000 	E:\Java JDK\openjdk_13.0.1\bin\msvcp140.dll
0x00007ff975f20000 - 0x00007ff976a86000 	E:\Java JDK\openjdk_13.0.1\bin\server\jvm.dll
0x00007ff991c40000 - 0x00007ff991ce3000 	C:\WINDOWS\System32\ADVAPI32.dll
0x00007ff993270000 - 0x00007ff993307000 	C:\WINDOWS\System32\sechost.dll
0x00007ff992320000 - 0x00007ff992328000 	C:\WINDOWS\System32\PSAPI.DLL
0x00007ff9812b0000 - 0x00007ff9812b9000 	C:\WINDOWS\SYSTEM32\WSOCK32.dll
0x00007ff9927c0000 - 0x00007ff99282f000 	C:\WINDOWS\System32\WS2_32.dll
0x00007ff98de30000 - 0x00007ff98de54000 	C:\WINDOWS\SYSTEM32\WINMM.dll
0x00007ff98b0a0000 - 0x00007ff98b0aa000 	C:\WINDOWS\SYSTEM32\VERSION.dll
0x00007ff98de00000 - 0x00007ff98de2d000 	C:\WINDOWS\SYSTEM32\WINMMBASE.dll
0x00007ff9907b0000 - 0x00007ff9907fa000 	C:\WINDOWS\System32\cfgmgr32.dll
0x00007ff990520000 - 0x00007ff990531000 	C:\WINDOWS\System32\kernel.appcore.dll
0x00007ff98e160000 - 0x00007ff98e170000 	E:\Java JDK\openjdk_13.0.1\bin\verify.dll
0x00007ff979a80000 - 0x00007ff979c74000 	C:\WINDOWS\SYSTEM32\DBGHELP.DLL
0x00007ff979a30000 - 0x00007ff979a5a000 	C:\WINDOWS\SYSTEM32\dbgcore.DLL
0x00007ff98c760000 - 0x00007ff98c786000 	E:\Java JDK\openjdk_13.0.1\bin\java.dll
0x00007ff9817f0000 - 0x00007ff981828000 	E:\Java JDK\openjdk_13.0.1\bin\jdwp.dll
0x00007ff981990000 - 0x00007ff98199e000 	E:\Java JDK\openjdk_13.0.1\bin\instrument.dll
0x00007ff981a20000 - 0x00007ff981a37000 	E:\Java JDK\openjdk_13.0.1\bin\zip.dll
0x00007ff98e150000 - 0x00007ff98e15a000 	E:\Java JDK\openjdk_13.0.1\bin\jimage.dll
0x00007ff992830000 - 0x00007ff992f15000 	C:\WINDOWS\System32\SHELL32.dll
0x00007ff991700000 - 0x00007ff9917a9000 	C:\WINDOWS\System32\shcore.dll
0x00007ff990f50000 - 0x00007ff9916cf000 	C:\WINDOWS\System32\windows.storage.dll
0x00007ff990500000 - 0x00007ff99051f000 	C:\WINDOWS\System32\profapi.dll
0x00007ff990540000 - 0x00007ff99058a000 	C:\WINDOWS\System32\powrprof.dll
0x00007ff9904f0000 - 0x00007ff990500000 	C:\WINDOWS\System32\UMPDC.dll
0x00007ff991cf0000 - 0x00007ff991d42000 	C:\WINDOWS\System32\shlwapi.dll
0x00007ff990a60000 - 0x00007ff990a77000 	C:\WINDOWS\System32\cryptsp.dll
0x00007ff9817c0000 - 0x00007ff9817cb000 	E:\Java JDK\openjdk_13.0.1\bin\dt_socket.dll
0x00007ff98fd60000 - 0x00007ff98fdc7000 	C:\WINDOWS\system32\mswsock.dll
0x00007ff981970000 - 0x00007ff981989000 	E:\Java JDK\openjdk_13.0.1\bin\net.dll
0x00007ff986af0000 - 0x00007ff986be0000 	C:\WINDOWS\SYSTEM32\WINHTTP.dll
0x00007ff9817d0000 - 0x00007ff9817e3000 	E:\Java JDK\openjdk_13.0.1\bin\nio.dll
0x00007ff97c760000 - 0x00007ff97c7c4000 	C:\Users\sebas\AppData\Local\Temp\lwjglsebas\3.2.3-build-13\lwjgl.dll
0x00007ff97a360000 - 0x00007ff97a3c2000 	C:\Users\sebas\AppData\Local\Temp\lwjglsebas\3.2.3-build-13\glfw.dll
0x00007ff98e7d0000 - 0x00007ff98e869000 	C:\WINDOWS\system32\uxtheme.dll
0x00007ff9811f0000 - 0x00007ff981233000 	C:\WINDOWS\SYSTEM32\dinput8.dll
0x00007ff9817a0000 - 0x00007ff9817b1000 	C:\WINDOWS\SYSTEM32\xinput1_4.dll
0x00007ff9902f0000 - 0x00007ff99031a000 	C:\WINDOWS\SYSTEM32\DEVOBJ.dll
0x00007ff98ee60000 - 0x00007ff98ee8d000 	C:\WINDOWS\SYSTEM32\dwmapi.dll
0x00007ff982f90000 - 0x00007ff9830aa000 	C:\WINDOWS\SYSTEM32\inputhost.dll
0x00007ff98e040000 - 0x00007ff98e114000 	C:\WINDOWS\SYSTEM32\CoreMessaging.dll
0x00007ff98bf30000 - 0x00007ff98c25a000 	C:\WINDOWS\SYSTEM32\CoreUIComponents.dll
0x00007ff98cbd0000 - 0x00007ff98ccbf000 	C:\WINDOWS\SYSTEM32\PROPSYS.dll
0x00007ff98bd60000 - 0x00007ff98beb3000 	C:\WINDOWS\SYSTEM32\wintypes.dll
0x00007ff992f30000 - 0x00007ff992ff4000 	C:\WINDOWS\System32\OLEAUT32.dll
0x00007ff98f550000 - 0x00007ff98f581000 	C:\WINDOWS\SYSTEM32\ntmarta.dll
0x00007ff9930b0000 - 0x00007ff9931e6000 	C:\WINDOWS\System32\MSCTF.dll
0x00007ff98f100000 - 0x00007ff98f10e000 	C:\WINDOWS\SYSTEM32\HID.DLL
0x00007ff991eb0000 - 0x00007ff992320000 	C:\WINDOWS\System32\SETUPAPI.DLL
0x00007ff990860000 - 0x00007ff990886000 	C:\WINDOWS\System32\bcrypt.dll
0x00007ff990800000 - 0x00007ff99085c000 	C:\WINDOWS\System32\WINTRUST.dll
0x00007ff990590000 - 0x00007ff9905a2000 	C:\WINDOWS\System32\MSASN1.dll
0x00007ff990660000 - 0x00007ff9907a9000 	C:\WINDOWS\System32\CRYPT32.dll
0x00007ff952f30000 - 0x00007ff953086000 	C:\WINDOWS\SYSTEM32\opengl32.dll
0x00007ff9529d0000 - 0x00007ff9529fc000 	C:\WINDOWS\SYSTEM32\GLU32.dll
0x00007ff98f160000 - 0x00007ff98f180000 	C:\WINDOWS\SYSTEM32\dxcore.dll
0x00007ff94ed90000 - 0x00007ff94edb8000 	C:\WINDOWS\System32\DriverStore\FileRepository\c0347105.inf_amd64_ae7d8883091aa10e\B347177\atig6pxx.dll
0x00007ff94bcf0000 - 0x00007ff94ed83000 	C:\WINDOWS\System32\DriverStore\FileRepository\c0347105.inf_amd64_ae7d8883091aa10e\B347177\atio6axx.dll
0x00007ff991d50000 - 0x00007ff991ea6000 	C:\WINDOWS\System32\ole32.dll
0x00007ff9624b0000 - 0x00007ff9624d3000 	C:\WINDOWS\SYSTEM32\dxva2.dll
0x00007ff94bcb0000 - 0x00007ff94bcea000 	C:\WINDOWS\System32\DriverStore\FileRepository\c0347105.inf_amd64_ae7d8883091aa10e\B347177\atig6txx.dll
0x00007ff952820000 - 0x00007ff9529ca000 	C:\WINDOWS\SYSTEM32\atiadlxx.dll
0x00007ff9834a0000 - 0x00007ff98353e000 	C:\WINDOWS\System32\TextInputFramework.dll
0x00007ff986390000 - 0x00007ff986636000 	C:\WINDOWS\System32\iertutil.dll
0x00007ff97a300000 - 0x00007ff97a359000 	C:\Users\sebas\AppData\Local\Temp\lwjglsebas\3.2.3-build-13\lwjgl_opengl.dll

dbghelp: loaded successfully - version: 4.0.5 - missing functions: none
symbol engine: initialized successfully - sym options: 0x614 - pdb path: .;E:\Java JDK\openjdk_13.0.1\bin;C:\WINDOWS\SYSTEM32;C:\WINDOWS\WinSxS\amd64_microsoft.windows.common-controls_6595b64144ccf1df_6.0.18362.10024_none_25aeef8e19924af1;E:\Java JDK\openjdk_13.0.1\bin\server;C:\Users\sebas\AppData\Local\Temp\lwjglsebas\3.2.3-build-13;C:\WINDOWS\System32\DriverStore\FileRepository\c0347105.inf_amd64_ae7d8883091aa10e\B347177

VM Arguments:
jvm_args: -agentlib:jdwp=transport=dt_socket,address=127.0.0.1:52209,suspend=y,server=n -javaagent:C:\Users\sebas\.IntelliJIdea2019.2\system\captureAgent\debugger-agent.jar -Dfile.encoding=UTF-8 
java_command: com.bufkin.lwjgl.game.main.Main
java_class_path (initial): C:\Users\sebas\Desktop\LWJGL 3 Game\target\classes;C:\Users\sebas\.m2\repository\org\lwjgl\lwjgl\3.2.3\lwjgl-3.2.3.jar;C:\Users\sebas\.m2\repository\org\lwjgl\lwjgl-assimp\3.2.3\lwjgl-assimp-3.2.3.jar;C:\Users\sebas\.m2\repository\org\lwjgl\lwjgl-bgfx\3.2.3\lwjgl-bgfx-3.2.3.jar;C:\Users\sebas\.m2\repository\org\lwjgl\lwjgl-glfw\3.2.3\lwjgl-glfw-3.2.3.jar;C:\Users\sebas\.m2\repository\org\lwjgl\lwjgl-nanovg\3.2.3\lwjgl-nanovg-3.2.3.jar;C:\Users\sebas\.m2\repository\org\lwjgl\lwjgl-nuklear\3.2.3\lwjgl-nuklear-3.2.3.jar;C:\Users\sebas\.m2\repository\org\lwjgl\lwjgl-openal\3.2.3\lwjgl-openal-3.2.3.jar;C:\Users\sebas\.m2\repository\org\lwjgl\lwjgl-opengl\3.2.3\lwjgl-opengl-3.2.3.jar;C:\Users\sebas\.m2\repository\org\lwjgl\lwjgl-par\3.2.3\lwjgl-par-3.2.3.jar;C:\Users\sebas\.m2\repository\org\lwjgl\lwjgl-stb\3.2.3\lwjgl-stb-3.2.3.jar;C:\Users\sebas\.m2\repository\org\lwjgl\lwjgl-vulkan\3.2.3\lwjgl-vulkan-3.2.3.jar;C:\Users\sebas\.m2\repository\org\lwjgl\lwjgl\3.2.3\lwjgl-3.2.3-natives-windows.jar;C:\Users\sebas\.m2\repository\org\lwjgl\lwjgl-assimp\3.2.3\lwjgl-assimp-3.2.3-natives-windows.jar;C:\Users\sebas\.m2\repository\org\lwjgl\lwjgl-bgfx\3.2.3\lwjgl-bgfx-3.2.3-natives-windows.jar;C:\Users\sebas\.m2\repository\org\lwjgl\lwjgl-glfw\3.2.3\lwjgl-glfw-3.2.3-natives-windows.jar;C:\Users\sebas\.m2\repository\org\lwjgl\lwjgl-nanovg\3.2.3\lwjgl-nanovg-3.2.3-natives-windows.jar;C:\Users\sebas\.m2\repository\org\lwjgl\lwjgl-nuklear\3.2.3\lwjgl-nuklear-3.2.3-natives-windows.jar;C:\Users\sebas\.m2\repository\org\lwjgl\lwjgl-openal\3.2.3\lwjgl-openal-3.2.3-natives-windows.jar;C:\Users\sebas\.m2\repository\org\lwjgl\lwjgl-opengl\3.2.3\lwjgl-opengl-3.2.3-natives-windows.jar;C:\Users\sebas\.m2\repository\org\lwjgl\lwjgl-par\3.2.3\lwjgl-par-3.2.3-natives-windows.jar;C:\Users\sebas\.m2\repository\org\lwjgl\lwjgl-stb\3.2.3\lwjgl-stb-3.2.3-natives-windows.jar;C:\Users\sebas\.m2\repository\com\code-disaster\steamworks4j\steamworks4j\1.8.0\steamworks4j-1.8.0.jar
Launcher Type: SUN_STANDARD

[Global flags]
     intx CICompilerCount                          = 4                                         {product} {ergonomic}
     uint ConcGCThreads                            = 2                                         {product} {ergonomic}
     uint G1ConcRefinementThreads                  = 8                                         {product} {ergonomic}
   size_t G1HeapRegionSize                         = 1048576                                   {product} {ergonomic}
    uintx GCDrainStackTargetSize                   = 64                                        {product} {ergonomic}
   size_t InitialHeapSize                          = 268435456                                 {product} {ergonomic}
   size_t MarkStackSize                            = 4194304                                   {product} {ergonomic}
   size_t MaxHeapSize                              = 4278190080                                {product} {ergonomic}
   size_t MaxNewSize                               = 2566914048                                {product} {ergonomic}
   size_t MinHeapDeltaBytes                        = 1048576                                   {product} {ergonomic}
   size_t MinHeapSize                              = 8388608                                   {product} {ergonomic}
    uintx NonNMethodCodeHeapSize                   = 5836300                                {pd product} {ergonomic}
    uintx NonProfiledCodeHeapSize                  = 122910970                              {pd product} {ergonomic}
    uintx ProfiledCodeHeapSize                     = 122910970                              {pd product} {ergonomic}
    uintx ReservedCodeCacheSize                    = 251658240                              {pd product} {ergonomic}
     bool SegmentedCodeCache                       = true                                      {product} {ergonomic}
   size_t SoftMaxHeapSize                          = 4278190080                             {manageable} {ergonomic}
     bool UseCompressedClassPointers               = true                                 {lp64_product} {ergonomic}
     bool UseCompressedOops                        = true                                 {lp64_product} {ergonomic}
     bool UseG1GC                                  = true                                      {product} {ergonomic}
     bool UseLargePagesIndividualAllocation        = false                                  {pd product} {ergonomic}

Logging:
Log output configuration:
 #0: stdout all=warning uptime,level,tags
 #1: stderr all=off uptime,level,tags

Environment Variables:
PATH=C:\WINDOWS\system32;C:\WINDOWS;C:\WINDOWS\System32\Wbem;C:\WINDOWS\System32\WindowsPowerShell\v1.0\;C:\WINDOWS\System32\OpenSSH\;E:\Tools\Git\cmd;E:\Tools\texlive\2019\bin\win32;E:\Tools;E:\Tools\Strawberry_Perl\c\bin;E:\Tools\Strawberry_Perl\perl\site\bin;E:\Tools\Strawberry_Perl\perl\bin;C:\Users\sebas\AppData\Local\Microsoft\WindowsApps;%IntelliJ IDEA Community Edition%;D:\Programme\Visual Studio Code\bin;D:\Programme\texlive\2019\bin\win32;%IntelliJ IDEA%;E:\Tools\texlive\2019\bin\;E:\Tools\MiKTeX 2.9\miktex\bin\x64\E:\Tools\latexindent.pl-3.7.1\path-helper-files\;E:\Tools\MiKTeX 2.9\miktex\bin\x64";C:\Users\sebas\AppData\Local\Microsoft\WindowsApps;%IntelliJ IDEA Community Edition%;D:\Programme\Visual Studio Code\bin;D:\Programme\texlive\2019\bin\win32;%IntelliJ IDEA%;E:\Tools\texlive\2019\bin\;E:\Tools\texlive\2019\bin\win32;E:\Tools\MiKTeX 2.9\miktex\bin\x64\
USERNAME=sebas
OS=Windows_NT
PROCESSOR_IDENTIFIER=AMD64 Family 23 Model 17 Stepping 0, AuthenticAMD



---------------  S Y S T E M  ---------------

OS: Windows 10 , 64 bit Build 18362 (10.0.18362.10022)

CPU:total 8 (initial active 8) (8 cores per cpu, 2 threads per core) family 23 model 17 stepping 0, cmov, cx8, fxsr, mmx, sse, sse2, sse3, ssse3, sse4.1, sse4.2, popcnt, avx, avx2, aes, clmul, mmxext, 3dnowpref, lzcnt, sse4a, ht, tsc, tscinvbit, tscinv, bmi1, bmi2, adx, sha, fma

Memory: 4k page, system-wide physical 16312M (7992M free)
TotalPageFile size 21432M (AvailPageFile size 8594M)
current process WorkingSet (physical memory assigned to process): 102M, peak: 105M
current process commit charge ("private bytes"): 429M, peak: 435M

vm_info: OpenJDK 64-Bit Server VM (13.0.1+9) for windows-amd64 JRE (13.0.1+9), built on Oct  6 2019 12:39:43 by "mach5one" with unknown MS VC++:1916

END.
